This is pdfTeX, Version 3.14159265-2.6-1.40.16 (TeX Live 2015/Debian) (preloaded format=pdflatex 2018.2.1)  17 MAR 2018 20:40
entering extended mode
 restricted \write18 enabled.
 %&-line parsing enabled.
**microwind_layout_wrap.tex
(./microwind_layout_wrap.tex
LaTeX2e <2016/02/01>
Babel <3.9q> and hyphenation patterns for 81 language(s) loaded.
(/usr/share/texlive/texmf-dist/tex/latex/base/article.cls
Document Class: article 2014/09/29 v1.4h Standard LaTeX document class
(/usr/share/texlive/texmf-dist/tex/latex/base/size10.clo
File: size10.clo 2014/09/29 v1.4h Standard LaTeX file (size option)
)
\c@part=\count79
\c@section=\count80
\c@subsection=\count81
\c@subsubsection=\count82
\c@paragraph=\count83
\c@subparagraph=\count84
\c@figure=\count85
\c@table=\count86
\abovecaptionskip=\skip41
\belowcaptionskip=\skip42
\bibindent=\dimen102
) (../preamble.tex
(/usr/share/texlive/texmf-dist/tex/latex/siunitx/siunitx.sty
(/usr/share/texlive/texmf-dist/tex/latex/l3kernel/expl3.sty
Package: expl3 2016/01/19 v6377 L3 programming layer (loader) 

(/usr/share/texlive/texmf-dist/tex/latex/l3kernel/expl3-code.tex
Package: expl3 2016/01/19 v6377 L3 programming layer (code)
L3 Module: l3bootstrap 2016/01/01 v6339 L3 Bootstrap code
L3 Module: l3names 2015/12/21 v6328 L3 Namespace for primitives
L3 Module: l3basics 2015/11/22 v6315 L3 Basic definitions
L3 Module: l3expan 2015/09/10 v5983 L3 Argument expansion
L3 Module: l3tl 2015/09/29 v6121 L3 Token lists
L3 Module: l3str 2016/01/03 v6357 L3 Strings
L3 Module: l3seq 2015/08/05 v5777 L3 Sequences and stacks
L3 Module: l3int 2016/01/05 v6366 L3 Integers
\c_max_int=\count87
\l_tmpa_int=\count88
\l_tmpb_int=\count89
\g_tmpa_int=\count90
\g_tmpb_int=\count91
L3 Module: l3quark 2015/08/17 v5855 L3 Quarks
L3 Module: l3prg 2015/11/01 v6216 L3 Control structures
\g__prg_map_int=\count92
L3 Module: l3clist 2015/09/02 v5901 L3 Comma separated lists
L3 Module: l3token 2015/11/11 v6249 L3 Experimental token manipulation
L3 Module: l3prop 2016/01/05 v6366 L3 Property lists
L3 Module: l3msg 2015/09/28 v6113 L3 Messages
L3 Module: l3file 2015/12/03 v6317 L3 File and I/O operations
\l_iow_line_count_int=\count93
\l__iow_target_count_int=\count94
\l__iow_current_line_int=\count95
\l__iow_current_word_int=\count96
\l__iow_current_indentation_int=\count97
L3 Module: l3skip 2016/01/05 v6366 L3 Dimensions and skips
\c_zero_dim=\dimen103
\c_max_dim=\dimen104
\l_tmpa_dim=\dimen105
\l_tmpb_dim=\dimen106
\g_tmpa_dim=\dimen107
\g_tmpb_dim=\dimen108
\c_zero_skip=\skip43
\c_max_skip=\skip44
\l_tmpa_skip=\skip45
\l_tmpb_skip=\skip46
\g_tmpa_skip=\skip47
\g_tmpb_skip=\skip48
\c_zero_muskip=\muskip10
\c_max_muskip=\muskip11
\l_tmpa_muskip=\muskip12
\l_tmpb_muskip=\muskip13
\g_tmpa_muskip=\muskip14
\g_tmpb_muskip=\muskip15
L3 Module: l3keys 2015/11/17 v6284 L3 Key-value interfaces
\g__keyval_level_int=\count98
\l_keys_choice_int=\count99
L3 Module: l3fp 2015/08/25 v5890 L3 Floating points
\c__fp_leading_shift_int=\count100
\c__fp_middle_shift_int=\count101
\c__fp_trailing_shift_int=\count102
\c__fp_big_leading_shift_int=\count103
\c__fp_big_middle_shift_int=\count104
\c__fp_big_trailing_shift_int=\count105
\c__fp_Bigg_leading_shift_int=\count106
\c__fp_Bigg_middle_shift_int=\count107
\c__fp_Bigg_trailing_shift_int=\count108
L3 Module: l3box 2015/08/09 v5822 L3 Experimental boxes
\c_empty_box=\box26
\l_tmpa_box=\box27
\l_tmpb_box=\box28
\g_tmpa_box=\box29
\g_tmpb_box=\box30
L3 Module: l3coffins 2015/08/06 v5789 L3 Coffin code layer
\l__coffin_internal_box=\box31
\l__coffin_internal_dim=\dimen109
\l__coffin_offset_x_dim=\dimen110
\l__coffin_offset_y_dim=\dimen111
\l__coffin_x_dim=\dimen112
\l__coffin_y_dim=\dimen113
\l__coffin_x_prime_dim=\dimen114
\l__coffin_y_prime_dim=\dimen115
\c_empty_coffin=\box32
\l__coffin_aligned_coffin=\box33
\l__coffin_aligned_internal_coffin=\box34
\l_tmpa_coffin=\box35
\l_tmpb_coffin=\box36
\l__coffin_display_coffin=\box37
\l__coffin_display_coord_coffin=\box38
\l__coffin_display_pole_coffin=\box39
\l__coffin_display_offset_dim=\dimen116
\l__coffin_display_x_dim=\dimen117
\l__coffin_display_y_dim=\dimen118
L3 Module: l3color 2014/08/23 v5354 L3 Experimental color support
L3 Module: l3sys 2015/09/25 v6087 L3 Experimental system/runtime functions
L3 Module: l3candidates 2016/01/14 v6376 L3 Experimental additions to l3kernel
\l__box_top_dim=\dimen119
\l__box_bottom_dim=\dimen120
\l__box_left_dim=\dimen121
\l__box_right_dim=\dimen122
\l__box_top_new_dim=\dimen123
\l__box_bottom_new_dim=\dimen124
\l__box_left_new_dim=\dimen125
\l__box_right_new_dim=\dimen126
\l__box_internal_box=\box40
\l__coffin_bounding_shift_dim=\dimen127
\l__coffin_left_corner_dim=\dimen128
\l__coffin_right_corner_dim=\dimen129
\l__coffin_bottom_corner_dim=\dimen130
\l__coffin_top_corner_dim=\dimen131
\l__coffin_scaled_total_height_dim=\dimen132
\l__coffin_scaled_width_dim=\dimen133
L3 Module: l3luatex 2015/11/11 v6250 L3 Experimental LuaTeX-specific functions
)
(/usr/share/texlive/texmf-dist/tex/latex/l3kernel/l3pdfmode.def
File: l3pdfmode.def 2015/11/11 v6250 L3 Experimental driver: PDF mode
\l__driver_color_stack_int=\count109
))
(/usr/share/texlive/texmf-dist/tex/latex/l3packages/xparse/xparse.sty
Package: xparse 2016/01/19 v6377 L3 Experimental document command parser
\l__xparse_current_arg_int=\count110
\l__xparse_m_args_int=\count111
\l__xparse_mandatory_args_int=\count112
\l__xparse_processor_int=\count113
\l__xparse_v_nesting_int=\count114
)
Package: siunitx 2016/03/01 v2.6q A comprehensive (SI) units package

(/usr/share/texlive/texmf-dist/tex/latex/amsmath/amstext.sty
Package: amstext 2000/06/29 v2.01 AMS text

(/usr/share/texlive/texmf-dist/tex/latex/amsmath/amsgen.sty
File: amsgen.sty 1999/11/30 v2.0 generic functions
\@emptytoks=\toks14
\ex@=\dimen134
))
(/usr/share/texlive/texmf-dist/tex/latex/tools/array.sty
Package: array 2014/10/28 v2.4c Tabular extension package (FMi)
\col@sep=\dimen135
\extrarowheight=\dimen136
\NC@list=\toks15
\extratabsurround=\skip49
\backup@length=\skip50
)
(/usr/share/texlive/texmf-dist/tex/latex/l3packages/l3keys2e/l3keys2e.sty
Package: l3keys2e 2016/01/19 v6377 LaTeX2e option processing using LaTeX3 keys
)
\l__siunitx_tmp_box=\box41
\l__siunitx_tmp_dim=\dimen137
\l__siunitx_tmp_int=\count115
\l__siunitx_number_mantissa_length_int=\count116
\l__siunitx_number_uncert_length_int=\count117
\l__siunitx_round_int=\count118
\l__siunitx_process_decimal_int=\count119
\l__siunitx_process_uncertainty_int=\count120
\l__siunitx_process_fixed_int=\count121
\l__siunitx_process_integer_min_int=\count122
\l__siunitx_process_precision_int=\count123
\l__siunitx_group_min_int=\count124
\l__siunitx_angle_marker_box=\box42
\l__siunitx_angle_unit_box=\box43
\l__siunitx_angle_marker_dim=\dimen138
\l__siunitx_angle_unit_dim=\dimen139
\l__siunitx_unit_int=\count125
\l__siunitx_unit_denominator_int=\count126
\l__siunitx_unit_numerator_int=\count127
\l__siunitx_unit_prefix_int=\count128
\l__siunitx_unit_prefix_base_int=\count129
\l__siunitx_unit_prefix_gram_int=\count130
\l__siunitx_number_product_int=\count131
\c__siunitx_one_fill_skip=\skip51
\l__siunitx_table_unit_align_skip=\skip52
\l__siunitx_table_exponent_dim=\dimen140
\l__siunitx_table_integer_dim=\dimen141
\l__siunitx_table_mantissa_dim=\dimen142
\l__siunitx_table_marker_dim=\dimen143
\l__siunitx_table_result_dim=\dimen144
\l__siunitx_table_uncert_dim=\dimen145
\l__siunitx_table_fill_pre_dim=\dimen146
\l__siunitx_table_fill_post_dim=\dimen147
\l__siunitx_table_fill_mid_dim=\dimen148
\l__siunitx_table_pre_box=\box44
\l__siunitx_table_post_box=\box45
\l__siunitx_table_mantissa_box=\box46
\l__siunitx_table_result_box=\box47
\l__siunitx_table_number_align_skip=\skip53
\l__siunitx_table_text_align_skip=\skip54
.................................................
. LaTeX info: "xparse/define-command"
. 
. Defining command \DeclareBinaryPrefix with sig. 'mmm' on line 7218.
.................................................
.................................................
. LaTeX info: "xparse/define-command"
. 
. Defining command \DeclareSIPostPower with sig. 'mm' on line 7221.
.................................................
.................................................
. LaTeX info: "xparse/define-command"
. 
. Defining command \DeclareSIPrefix with sig. 'mmm' on line 7224.
.................................................
.................................................
. LaTeX info: "xparse/define-command"
. 
. Defining command \DeclareSIPrePower with sig. 'mm' on line 7227.
.................................................
.................................................
. LaTeX info: "xparse/define-command"
. 
. Defining command \DeclareSIQualifier with sig. 'mm' on line 7230.
.................................................
.................................................
. LaTeX info: "xparse/define-command"
. 
. Defining command \DeclareSIUnit with sig. 'O{}mm' on line 7233.
.................................................
.................................................
. LaTeX info: "xparse/define-command"
. 
. Defining command \DeclareSIUnitWithOptions with sig. 'mmm' on line 7236.
.................................................
.................................................
. LaTeX info: "xparse/define-command"
. 
. Defining command \ang with sig. 'o>{\SplitArgument {2}{;}}m' on line 7251.
.................................................
.................................................
. LaTeX info: "xparse/define-command"
. 
. Defining command \num with sig. 'om' on line 7260.
.................................................
.................................................
. LaTeX info: "xparse/define-command"
. 
. Defining command \numlist with sig. 'o>{\SplitList {;}}m' on line 7269.
.................................................
.................................................
. LaTeX info: "xparse/define-command"
. 
. Defining command \numrange with sig. 'omm' on line 7278.
.................................................
.................................................
. LaTeX info: "xparse/define-command"
. 
. Defining command \SIlist with sig. 'o>{\SplitList {;}}mm' on line 7290.
.................................................
.................................................
. LaTeX info: "xparse/define-command"
. 
. Defining command \SIrange with sig. 'ommm' on line 7302.
.................................................
.................................................
. LaTeX info: "xparse/define-command"
. 
. Defining command \SI with sig. 'omom' on line 7314.
.................................................
.................................................
. LaTeX info: "xparse/define-command"
. 
. Defining command \sisetup with sig. 'm' on line 7317.
.................................................
.................................................
. LaTeX info: "xparse/define-command"
. 
. Defining command \tablenum with sig. 'om' on line 7332.
.................................................
.................................................
. LaTeX info: "xparse/define-command"
. 
. Defining command \si with sig. 'om' on line 7344.
.................................................
.................................................
. LaTeX info: "xparse/define-command"
. 
. Defining command \__siunitx_bookmark_num:w with sig. 'om' on line 7391.
.................................................
.................................................
. LaTeX info: "xparse/define-command"
. 
. Defining command \__siunitx_bookmark_numrange:w with sig. 'omm' on line
. 7393.
.................................................
.................................................
. LaTeX info: "xparse/define-command"
. 
. Defining command \__siunitx_bookmark_SI:w with sig. 'omom' on line 7395.
.................................................
.................................................
. LaTeX info: "xparse/define-command"
. 
. Defining command \__siunitx_bookmark_SIlist:w with sig. 'omm' on line 7397.
.................................................
.................................................
. LaTeX info: "xparse/define-command"
. 
. Defining command \__siunitx_bookmark_SIrange:w with sig. 'ommm' on line
. 7399.
.................................................
.................................................
. LaTeX info: "xparse/define-command"
. 
. Defining command \__siunitx_bookmark_si:w with sig. 'om' on line 7400.
.................................................
\g__file_internal_ior=\read1

(/usr/share/texlive/texmf-dist/tex/latex/beamer/translator/translator.sty
Package: translator 2010/06/12 ver 1.10

(/usr/share/texlive/texmf-dist/tex/latex/graphics/keyval.sty
Package: keyval 2014/10/28 v1.15 key=value parser (DPC)
\KV@toks@=\toks16
)
(/usr/share/texlive/texmf-dist/tex/latex/beamer/translator/translator-language-
mappings.tex))) (/usr/share/texlive/texmf-dist/tex/latex/graphics/graphicx.sty
Package: graphicx 2014/10/28 v1.0g Enhanced LaTeX Graphics (DPC,SPQR)

(/usr/share/texlive/texmf-dist/tex/latex/graphics/graphics.sty
Package: graphics 2016/01/03 v1.0q Standard LaTeX Graphics (DPC,SPQR)

(/usr/share/texlive/texmf-dist/tex/latex/graphics/trig.sty
Package: trig 2016/01/03 v1.10 sin cos tan (DPC)
)
(/usr/share/texlive/texmf-dist/tex/latex/latexconfig/graphics.cfg
File: graphics.cfg 2010/04/23 v1.9 graphics configuration of TeX Live
)
Package graphics Info: Driver file: pdftex.def on input line 95.

(/usr/share/texlive/texmf-dist/tex/latex/pdftex-def/pdftex.def
File: pdftex.def 2011/05/27 v0.06d Graphics/color for pdfTeX

(/usr/share/texlive/texmf-dist/tex/generic/oberdiek/infwarerr.sty
Package: infwarerr 2010/04/08 v1.3 Providing info/warning/error messages (HO)
)
(/usr/share/texlive/texmf-dist/tex/generic/oberdiek/ltxcmds.sty
Package: ltxcmds 2011/11/09 v1.22 LaTeX kernel commands for general use (HO)
)
\Gread@gobject=\count132
))
\Gin@req@height=\dimen149
\Gin@req@width=\dimen150
)
(/usr/share/texlive/texmf-dist/tex/latex/placeins/placeins.sty
Package: placeins 2005/04/18  v 2.2
))
(/usr/share/texlive/texmf-dist/tex/latex/csvsimple/csvsimple.sty
Package: csvsimple 2014/07/14 version 1.12 LaTeX CSV file processing

(/usr/share/texlive/texmf-dist/tex/latex/pgf/utilities/pgfkeys.sty
(/usr/share/texlive/texmf-dist/tex/generic/pgf/utilities/pgfkeys.code.tex
\pgfkeys@pathtoks=\toks17
\pgfkeys@temptoks=\toks18

(/usr/share/texlive/texmf-dist/tex/generic/pgf/utilities/pgfkeysfiltered.code.t
ex
\pgfkeys@tmptoks=\toks19
))) (/usr/share/texlive/texmf-dist/tex/latex/base/ifthen.sty
Package: ifthen 2014/09/29 v1.1c Standard LaTeX ifthen package (DPC)
)
\csv@file=\read2
\c@csvinputline=\count133
\c@csvrow=\count134
\c@csvcol=\count135
\csv@out=\write3
)
(./microwind_layout_wrap.aux

LaTeX Warning: Label `fig:inverter_layout_vtc' multiply defined.

)
\openout1 = `microwind_layout_wrap.aux'.

LaTeX Font Info:    Checking defaults for OML/cmm/m/it on input line 3.
LaTeX Font Info:    ... okay on input line 3.
LaTeX Font Info:    Checking defaults for T1/cmr/m/n on input line 3.
LaTeX Font Info:    ... okay on input line 3.
LaTeX Font Info:    Checking defaults for OT1/cmr/m/n on input line 3.
LaTeX Font Info:    ... okay on input line 3.
LaTeX Font Info:    Checking defaults for OMS/cmsy/m/n on input line 3.
LaTeX Font Info:    ... okay on input line 3.
LaTeX Font Info:    Checking defaults for OMX/cmex/m/n on input line 3.
LaTeX Font Info:    ... okay on input line 3.
LaTeX Font Info:    Checking defaults for U/cmr/m/n on input line 3.
LaTeX Font Info:    ... okay on input line 3.

(/usr/share/texlive/texmf-dist/tex/latex/beamer/translator/dicts/translator-bas
ic-dictionary/translator-basic-dictionary-English.dict
Dictionary: translator-basic-dictionary, Language: English 
)
(/usr/share/texlive/texmf-dist/tex/latex/siunitx/siunitx-abbreviations.cfg
File: siunitx-abbreviations.cfg 2016/03/01 v2.6q siunitx: Abbreviated units
)
(/usr/share/texlive/texmf-dist/tex/context/base/supp-pdf.mkii
[Loading MPS to PDF converter (version 2006.09.02).]
\scratchcounter=\count136
\scratchdimen=\dimen151
\scratchbox=\box48
\nofMPsegments=\count137
\nofMParguments=\count138
\everyMPshowfont=\toks20
\MPscratchCnt=\count139
\MPscratchDim=\dimen152
\MPnumerator=\count140
\makeMPintoPDFobject=\count141
\everyMPtoPDFconversion=\toks21
) (/usr/share/texlive/texmf-dist/tex/generic/oberdiek/pdftexcmds.sty
Package: pdftexcmds 2011/11/29 v0.20 Utility functions of pdfTeX for LuaTeX (HO
)

(/usr/share/texlive/texmf-dist/tex/generic/oberdiek/ifluatex.sty
Package: ifluatex 2010/03/01 v1.3 Provides the ifluatex switch (HO)
Package ifluatex Info: LuaTeX not detected.
)
(/usr/share/texlive/texmf-dist/tex/generic/oberdiek/ifpdf.sty
Package: ifpdf 2011/01/30 v2.3 Provides the ifpdf switch (HO)
Package ifpdf Info: pdfTeX in PDF mode is detected.
)
Package pdftexcmds Info: LuaTeX not detected.
Package pdftexcmds Info: \pdf@primitive is available.
Package pdftexcmds Info: \pdf@ifprimitive is available.
Package pdftexcmds Info: \pdfdraftmode found.
)
(/usr/share/texlive/texmf-dist/tex/latex/oberdiek/epstopdf-base.sty
Package: epstopdf-base 2010/02/09 v2.5 Base part for package epstopdf

(/usr/share/texlive/texmf-dist/tex/latex/oberdiek/grfext.sty
Package: grfext 2010/08/19 v1.1 Manage graphics extensions (HO)

(/usr/share/texlive/texmf-dist/tex/generic/oberdiek/kvdefinekeys.sty
Package: kvdefinekeys 2011/04/07 v1.3 Define keys (HO)
))
(/usr/share/texlive/texmf-dist/tex/latex/oberdiek/kvoptions.sty
Package: kvoptions 2011/06/30 v3.11 Key value format for package options (HO)

(/usr/share/texlive/texmf-dist/tex/generic/oberdiek/kvsetkeys.sty
Package: kvsetkeys 2012/04/25 v1.16 Key value parser (HO)

(/usr/share/texlive/texmf-dist/tex/generic/oberdiek/etexcmds.sty
Package: etexcmds 2011/02/16 v1.5 Avoid name clashes with e-TeX commands (HO)
Package etexcmds Info: Could not find \expanded.
(etexcmds)             That can mean that you are not using pdfTeX 1.50 or
(etexcmds)             that some package has redefined \expanded.
(etexcmds)             In the latter case, load this package earlier.
)))
Package grfext Info: Graphics extension search list:
(grfext)             [.png,.pdf,.jpg,.mps,.jpeg,.jbig2,.jb2,.PNG,.PDF,.JPG,.JPE
G,.JBIG2,.JB2,.eps]
(grfext)             \AppendGraphicsExtensions on input line 452.

(/usr/share/texlive/texmf-dist/tex/latex/latexconfig/epstopdf-sys.cfg
File: epstopdf-sys.cfg 2010/07/13 v1.3 Configuration of (r)epstopdf for TeX Liv
e
))
\c__siunitx_mathsf_int=\count142
LaTeX Font Info:    External font `cmex10' loaded for size
(Font)              <7> on input line 3.
LaTeX Font Info:    External font `cmex10' loaded for size
(Font)              <5> on input line 3.
\c__siunitx_mathtt_int=\count143

(./microwind_layout.tex
<../images/inverter_layout.PNG, id=1, 358.33875pt x 365.86688pt>
File: ../images/inverter_layout.PNG Graphic file (type png)

<use ../images/inverter_layout.PNG>
Package pdftex.def Info: ../images/inverter_layout.PNG used on input line 14.
(pdftex.def)             Requested size: 143.33296pt x 146.34415pt.

<../images/inverter_layout_vtc.PNG, id=3, 868.74562pt x 519.44063pt>
File: ../images/inverter_layout_vtc.PNG Graphic file (type png)

<use ../images/inverter_layout_vtc.PNG>
Package pdftex.def Info: ../images/inverter_layout_vtc.PNG used on input line 2
7.
(pdftex.def)             Requested size: 260.62569pt x 155.83339pt.

<../images/inverter_logic_test.PNG, id=4, 1059.05663pt x 531.78674pt>
File: ../images/inverter_logic_test.PNG Graphic file (type png)

<use ../images/inverter_logic_test.PNG>
Package pdftex.def Info: ../images/inverter_logic_test.PNG used on input line 4
0.
(pdftex.def)             Requested size: 317.71944pt x 159.53725pt.


LaTeX Warning: `!h' float specifier changed to `!ht'.

[1

{/var/lib/texmf/fonts/map/pdftex/updmap/pdftex.map} <../images/inverter_layout.
PNG> <../images/inverter_layout_vtc.PNG>]
<../images/nand_layout.PNG, id=17, 256.45813pt x 304.13625pt>
File: ../images/nand_layout.PNG Graphic file (type png)

<use ../images/nand_layout.PNG>
Package pdftex.def Info: ../images/nand_layout.PNG used on input line 56.
(pdftex.def)             Requested size: 179.51945pt x 212.8939pt.

<../images/nand_logic_test.PNG, id=18, 1061.46562pt x 532.69012pt>
File: ../images/nand_logic_test.PNG Graphic file (type png)

<use ../images/nand_logic_test.PNG>
Package pdftex.def Info: ../images/nand_logic_test.PNG used on input line 69.
(pdftex.def)             Requested size: 318.44214pt x 159.80826pt.
 [2 <../images/inverter_logic_test.PNG> <../images/nand_layout.PNG>]
<../images/dlatch_layout.PNG, id=24, 284.06125pt x 386.44376pt>
File: ../images/dlatch_layout.PNG Graphic file (type png)

<use ../images/dlatch_layout.PNG>
Package pdftex.def Info: ../images/dlatch_layout.PNG used on input line 82.
(pdftex.def)             Requested size: 198.84149pt x 270.50877pt.


LaTeX Warning: `!h' float specifier changed to `!ht'.

[3 <../images/nand_logic_test.PNG>]
<../images/dlatch_fsm.PNG, id=29, 374.90062pt x 154.47713pt>
File: ../images/dlatch_fsm.PNG Graphic file (type png)

<use ../images/dlatch_fsm.PNG>
Package pdftex.def Info: ../images/dlatch_fsm.PNG used on input line 108.
(pdftex.def)             Requested size: 262.42863pt x 108.13324pt.


LaTeX Warning: `!h' float specifier changed to `!ht'.

[4 <../images/dlatch_layout.PNG>]
<../images/test_inputs_from_manual.PNG, id=34, 1060.56226pt x 533.29237pt>
File: ../images/test_inputs_from_manual.PNG Graphic file (type png)

<use ../images/test_inputs_from_manual.PNG>
Package pdftex.def Info: ../images/test_inputs_from_manual.PNG used on input li
ne 124.
(pdftex.def)             Requested size: 318.17113pt x 159.98894pt.

<../images/1ghz_test_case_2.PNG, id=35, 1060.26112pt x 532.389pt>
File: ../images/1ghz_test_case_2.PNG Graphic file (type png)

<use ../images/1ghz_test_case_2.PNG>
Package pdftex.def Info: ../images/1ghz_test_case_2.PNG used on input line 133.

(pdftex.def)             Requested size: 318.0808pt x 159.71793pt.


LaTeX Warning: `!h' float specifier changed to `!ht'.

[5 <../images/dlatch_fsm.PNG> <../images/test_inputs_from_manual.PNG>]
<../images/1ghz_test_case_1.PNG, id=41, 1059.96pt x 532.389pt>
File: ../images/1ghz_test_case_1.PNG Graphic file (type png)

<use ../images/1ghz_test_case_1.PNG>
Package pdftex.def Info: ../images/1ghz_test_case_1.PNG used on input line 142.

(pdftex.def)             Requested size: 317.99045pt x 159.71793pt.

<../images/4ghz_test_case_2.PNG, id=42, 1059.96pt x 534.19576pt>
File: ../images/4ghz_test_case_2.PNG Graphic file (type png)

<use ../images/4ghz_test_case_2.PNG>
Package pdftex.def Info: ../images/4ghz_test_case_2.PNG used on input line 151.

(pdftex.def)             Requested size: 317.99045pt x 160.25996pt.


LaTeX Warning: `!h' float specifier changed to `!ht'.

[6 <../images/1ghz_test_case_2.PNG> <../images/1ghz_test_case_1.PNG>]
<../images/4ghz_test_case_1.PNG, id=48, 1060.56226pt x 532.99126pt>
File: ../images/4ghz_test_case_1.PNG Graphic file (type png)

<use ../images/4ghz_test_case_1.PNG>
Package pdftex.def Info: ../images/4ghz_test_case_1.PNG used on input line 160.

(pdftex.def)             Requested size: 318.17113pt x 159.8986pt.

Overfull \hbox (96.39792pt too wide) in paragraph at lines 175--176
 [][] 
 []

[7 <../images/4ghz_test_case_2.PNG> <../images/4ghz_test_case_1.PNG>]
LaTeX Font Info:    Try loading font information for TS1+cmr on input line 186.


(/usr/share/texlive/texmf-dist/tex/latex/base/ts1cmr.fd
File: ts1cmr.fd 2014/09/29 v2.5h Standard LaTeX font definitions
)
<../images/dlatch_layout_area.PNG, id=55, 322.20375pt x 481.19775pt>
File: ../images/dlatch_layout_area.PNG Graphic file (type png)

<use ../images/dlatch_layout_area.PNG>
Package pdftex.def Info: ../images/dlatch_layout_area.PNG used on input line 19
2.
(pdftex.def)             Requested size: 225.54108pt x 336.83614pt.
) [8 <../images/dlatch_layout_area.PNG>]
(./microwind_layout_wrap.aux)

LaTeX Warning: There were multiply-defined labels.

 ) 
Here is how much of TeX's memory you used:
 11919 strings out of 493029
 261435 string characters out of 6136235
 260436 words of memory out of 5000000
 15368 multiletter control sequences out of 15000+600000
 6062 words of font info for 23 fonts, out of 8000000 for 9000
 1141 hyphenation exceptions out of 8191
 40i,9n,46p,10417b,910s stack positions out of 5000i,500n,10000p,200000b,80000s
{/usr/share/texmf/fonts/enc/dvips/cm-super/cm-super-ts1.enc}</usr/share/texli
ve/texmf-dist/fonts/type1/public/amsfonts/cm/cmmi10.pfb></usr/share/texlive/tex
mf-dist/fonts/type1/public/amsfonts/cm/cmmi5.pfb></usr/share/texlive/texmf-dist
/fonts/type1/public/amsfonts/cm/cmmi7.pfb></usr/share/texlive/texmf-dist/fonts/
type1/public/amsfonts/cm/cmr10.pfb></usr/share/texlive/texmf-dist/fonts/type1/p
ublic/amsfonts/cm/cmr7.pfb></usr/share/texmf/fonts/type1/public/cm-super/sfrm10
00.pfb>
Output written on microwind_layout_wrap.pdf (8 pages, 2450717 bytes).
PDF statistics:
 83 PDF objects out of 1000 (max. 8388607)
 40 compressed objects within 1 object stream
 0 named destinations out of 1000 (max. 500000)
 66 words of extra memory for PDF output out of 10000 (max. 10000000)

