This is pdfTeX, Version 3.14159265-2.6-1.40.18 (TeX Live 2017/Debian) (preloaded format=pdflatex 2017.10.29)  19 MAR 2018 20:54
entering extended mode
 restricted \write18 enabled.
 %&-line parsing enabled.
**main.tex
(./main.tex
LaTeX2e <2017-04-15>
Babel <3.12> and hyphenation patterns for 84 language(s) loaded.
(/usr/share/texlive/texmf-dist/tex/latex/base/article.cls
Document Class: article 2014/09/29 v1.4h Standard LaTeX document class
(/usr/share/texlive/texmf-dist/tex/latex/base/size10.clo
File: size10.clo 2014/09/29 v1.4h Standard LaTeX file (size option)
)
\c@part=\count79
\c@section=\count80
\c@subsection=\count81
\c@subsubsection=\count82
\c@paragraph=\count83
\c@subparagraph=\count84
\c@figure=\count85
\c@table=\count86
\abovecaptionskip=\skip41
\belowcaptionskip=\skip42
\bibindent=\dimen102
) (./preamble.tex
(/usr/share/texlive/texmf-dist/tex/latex/siunitx/siunitx.sty
(/usr/share/texlive/texmf-dist/tex/latex/l3kernel/expl3.sty
Package: expl3 2017/07/19 L3 programming layer (loader) 

(/usr/share/texlive/texmf-dist/tex/latex/l3kernel/expl3-code.tex
Package: expl3 2017/07/19 L3 programming layer (code)
\c_max_int=\count87
\l_tmpa_int=\count88
\l_tmpb_int=\count89
\g_tmpa_int=\count90
\g_tmpb_int=\count91
\g__intarray_font_int=\count92
\g__prg_map_int=\count93
\c_log_iow=\count94
\l_iow_line_count_int=\count95
\l__iow_line_target_int=\count96
\l__iow_one_indent_int=\count97
\l__iow_indent_int=\count98
\c_zero_dim=\dimen103
\c_max_dim=\dimen104
\l_tmpa_dim=\dimen105
\l_tmpb_dim=\dimen106
\g_tmpa_dim=\dimen107
\g_tmpb_dim=\dimen108
\c_zero_skip=\skip43
\c_max_skip=\skip44
\l_tmpa_skip=\skip45
\l_tmpb_skip=\skip46
\g_tmpa_skip=\skip47
\g_tmpb_skip=\skip48
\c_zero_muskip=\muskip10
\c_max_muskip=\muskip11
\l_tmpa_muskip=\muskip12
\l_tmpb_muskip=\muskip13
\g_tmpa_muskip=\muskip14
\g_tmpb_muskip=\muskip15
\l_keys_choice_int=\count99
\c__fp_leading_shift_int=\count100
\c__fp_middle_shift_int=\count101
\c__fp_trailing_shift_int=\count102
\c__fp_big_leading_shift_int=\count103
\c__fp_big_middle_shift_int=\count104
\c__fp_big_trailing_shift_int=\count105
\c__fp_Bigg_leading_shift_int=\count106
\c__fp_Bigg_middle_shift_int=\count107
\c__fp_Bigg_trailing_shift_int=\count108
\c__fp_rand_size_int=\count109
\c__fp_rand_four_int=\count110
\c__fp_rand_eight_int=\count111
\l__sort_length_int=\count112
\l__sort_min_int=\count113
\l__sort_top_int=\count114
\l__sort_max_int=\count115
\l__sort_true_max_int=\count116
\l__sort_block_int=\count117
\l__sort_begin_int=\count118
\l__sort_end_int=\count119
\l__sort_A_int=\count120
\l__sort_B_int=\count121
\l__sort_C_int=\count122
\l__tl_build_start_index_int=\count123
\l__tl_build_index_int=\count124
\l__tl_analysis_normal_int=\count125
\l__tl_analysis_index_int=\count126
\l__tl_analysis_nesting_int=\count127
\l__tl_analysis_type_int=\count128
\l__regex_internal_a_int=\count129
\l__regex_internal_b_int=\count130
\l__regex_internal_c_int=\count131
\l__regex_balance_int=\count132
\l__regex_group_level_int=\count133
\l__regex_mode_int=\count134
\c__regex_cs_in_class_mode_int=\count135
\c__regex_cs_mode_int=\count136
\l__regex_catcodes_int=\count137
\l__regex_default_catcodes_int=\count138
\c__regex_catcode_D_int=\count139
\c__regex_catcode_S_int=\count140
\c__regex_catcode_L_int=\count141
\c__regex_catcode_O_int=\count142
\c__regex_catcode_A_int=\count143
\c__regex_all_catcodes_int=\count144
\l__regex_show_lines_int=\count145
\l__regex_min_state_int=\count146
\l__regex_max_state_int=\count147
\l__regex_left_state_int=\count148
\l__regex_right_state_int=\count149
\l__regex_capturing_group_int=\count150
\l__regex_min_pos_int=\count151
\l__regex_max_pos_int=\count152
\l__regex_curr_pos_int=\count153
\l__regex_start_pos_int=\count154
\l__regex_success_pos_int=\count155
\l__regex_curr_char_int=\count156
\l__regex_curr_catcode_int=\count157
\l__regex_last_char_int=\count158
\l__regex_case_changed_char_int=\count159
\l__regex_curr_state_int=\count160
\l__regex_step_int=\count161
\l__regex_min_active_int=\count162
\l__regex_max_active_int=\count163
\l__regex_replacement_csnames_int=\count164
\l__regex_match_count_int=\count165
\l__regex_min_submatch_int=\count166
\l__regex_submatch_int=\count167
\l__regex_zeroth_submatch_int=\count168
\g__debug_trace_regex_int=\count169
\c_empty_box=\box26
\l_tmpa_box=\box27
\l_tmpb_box=\box28
\g_tmpa_box=\box29
\g_tmpb_box=\box30
\l__box_top_dim=\dimen109
\l__box_bottom_dim=\dimen110
\l__box_left_dim=\dimen111
\l__box_right_dim=\dimen112
\l__box_top_new_dim=\dimen113
\l__box_bottom_new_dim=\dimen114
\l__box_left_new_dim=\dimen115
\l__box_right_new_dim=\dimen116
\l__box_internal_box=\box31
\l__coffin_internal_box=\box32
\l__coffin_internal_dim=\dimen117
\l__coffin_offset_x_dim=\dimen118
\l__coffin_offset_y_dim=\dimen119
\l__coffin_x_dim=\dimen120
\l__coffin_y_dim=\dimen121
\l__coffin_x_prime_dim=\dimen122
\l__coffin_y_prime_dim=\dimen123
\c_empty_coffin=\box33
\l__coffin_aligned_coffin=\box34
\l__coffin_aligned_internal_coffin=\box35
\l_tmpa_coffin=\box36
\l_tmpb_coffin=\box37
\l__coffin_display_coffin=\box38
\l__coffin_display_coord_coffin=\box39
\l__coffin_display_pole_coffin=\box40
\l__coffin_display_offset_dim=\dimen124
\l__coffin_display_x_dim=\dimen125
\l__coffin_display_y_dim=\dimen126
\l__coffin_bounding_shift_dim=\dimen127
\l__coffin_left_corner_dim=\dimen128
\l__coffin_right_corner_dim=\dimen129
\l__coffin_bottom_corner_dim=\dimen130
\l__coffin_top_corner_dim=\dimen131
\l__coffin_scaled_total_height_dim=\dimen132
\l__coffin_scaled_width_dim=\dimen133
)
(/usr/share/texlive/texmf-dist/tex/latex/l3kernel/l3pdfmode.def
File: l3pdfmode.def 2017/03/18 v L3 Experimental driver: PDF mode
\l__driver_color_stack_int=\count170
\l__driver_tmp_box=\box41
))
(/usr/share/texlive/texmf-dist/tex/latex/l3packages/xparse/xparse.sty
Package: xparse 2017/07/19 L3 Experimental document command parser
\l__xparse_current_arg_int=\count171
\g__xparse_grabber_int=\count172
\l__xparse_m_args_int=\count173
\l__xparse_mandatory_args_int=\count174
\l__xparse_v_nesting_int=\count175
)
Package: siunitx 2017/08/02 v2.7j A comprehensive (SI) units package

(/usr/share/texlive/texmf-dist/tex/latex/amsmath/amstext.sty
Package: amstext 2000/06/29 v2.01 AMS text

(/usr/share/texlive/texmf-dist/tex/latex/amsmath/amsgen.sty
File: amsgen.sty 1999/11/30 v2.0 generic functions
\@emptytoks=\toks14
\ex@=\dimen134
))
(/usr/share/texlive/texmf-dist/tex/latex/tools/array.sty
Package: array 2016/10/06 v2.4d Tabular extension package (FMi)
\col@sep=\dimen135
\extrarowheight=\dimen136
\NC@list=\toks15
\extratabsurround=\skip49
\backup@length=\skip50
)
(/usr/share/texlive/texmf-dist/tex/latex/l3packages/l3keys2e/l3keys2e.sty
Package: l3keys2e 2017/07/19 LaTeX2e option processing using LaTeX3 keys
)
\l__siunitx_tmp_box=\box42
\l__siunitx_tmp_dim=\dimen137
\l__siunitx_tmp_int=\count176
\l__siunitx_number_mantissa_length_int=\count177
\l__siunitx_number_uncert_length_int=\count178
\l__siunitx_round_int=\count179
\l__siunitx_process_decimal_int=\count180
\l__siunitx_process_uncertainty_int=\count181
\l__siunitx_process_fixed_int=\count182
\l__siunitx_process_integer_min_int=\count183
\l__siunitx_process_precision_int=\count184
\l__siunitx_group_min_int=\count185
\l__siunitx_angle_marker_box=\box43
\l__siunitx_angle_unit_box=\box44
\l__siunitx_angle_marker_dim=\dimen138
\l__siunitx_angle_unit_dim=\dimen139
\l__siunitx_unit_int=\count186
\l__siunitx_unit_denominator_int=\count187
\l__siunitx_unit_numerator_int=\count188
\l__siunitx_unit_prefix_int=\count189
\l__siunitx_unit_prefix_base_int=\count190
\l__siunitx_unit_prefix_gram_int=\count191
\l__siunitx_number_product_int=\count192
\c__siunitx_one_fill_skip=\skip51
\l__siunitx_table_unit_align_skip=\skip52
\l__siunitx_table_exponent_dim=\dimen140
\l__siunitx_table_integer_dim=\dimen141
\l__siunitx_table_mantissa_dim=\dimen142
\l__siunitx_table_marker_dim=\dimen143
\l__siunitx_table_result_dim=\dimen144
\l__siunitx_table_uncert_dim=\dimen145
\l__siunitx_table_fill_pre_dim=\dimen146
\l__siunitx_table_fill_post_dim=\dimen147
\l__siunitx_table_fill_mid_dim=\dimen148
\l__siunitx_table_pre_box=\box45
\l__siunitx_table_post_box=\box46
\l__siunitx_table_mantissa_box=\box47
\l__siunitx_table_result_box=\box48
\l__siunitx_table_number_align_skip=\skip53
\l__siunitx_table_text_align_skip=\skip54
.................................................
. LaTeX info: "xparse/define-command"
. 
. Defining command \DeclareBinaryPrefix with sig. 'mmm' on line 7247.
.................................................
.................................................
. LaTeX info: "xparse/define-command"
. 
. Defining command \DeclareSIPostPower with sig. 'mm' on line 7250.
.................................................
.................................................
. LaTeX info: "xparse/define-command"
. 
. Defining command \DeclareSIPrefix with sig. 'mmm' on line 7253.
.................................................
.................................................
. LaTeX info: "xparse/define-command"
. 
. Defining command \DeclareSIPrePower with sig. 'mm' on line 7256.
.................................................
.................................................
. LaTeX info: "xparse/define-command"
. 
. Defining command \DeclareSIQualifier with sig. 'mm' on line 7259.
.................................................
.................................................
. LaTeX info: "xparse/define-command"
. 
. Defining command \DeclareSIUnit with sig. 'O{}mm' on line 7262.
.................................................
.................................................
. LaTeX info: "xparse/define-command"
. 
. Defining command \DeclareSIUnitWithOptions with sig. 'mmm' on line 7265.
.................................................
.................................................
. LaTeX info: "xparse/define-command"
. 
. Defining command \ang with sig. 'o>{\SplitArgument {2}{;}}m' on line 7280.
.................................................
.................................................
. LaTeX info: "xparse/define-command"
. 
. Defining command \num with sig. 'om' on line 7289.
.................................................
.................................................
. LaTeX info: "xparse/define-command"
. 
. Defining command \numlist with sig. 'o>{\SplitList {;}}m' on line 7298.
.................................................
.................................................
. LaTeX info: "xparse/define-command"
. 
. Defining command \numrange with sig. 'omm' on line 7307.
.................................................
.................................................
. LaTeX info: "xparse/define-command"
. 
. Defining command \SIlist with sig. 'o>{\SplitList {;}}mm' on line 7319.
.................................................
.................................................
. LaTeX info: "xparse/define-command"
. 
. Defining command \SIrange with sig. 'ommm' on line 7331.
.................................................
.................................................
. LaTeX info: "xparse/define-command"
. 
. Defining command \SI with sig. 'omom' on line 7343.
.................................................
.................................................
. LaTeX info: "xparse/define-command"
. 
. Defining command \sisetup with sig. 'm' on line 7346.
.................................................
.................................................
. LaTeX info: "xparse/define-command"
. 
. Defining command \tablenum with sig. 'om' on line 7361.
.................................................
.................................................
. LaTeX info: "xparse/define-command"
. 
. Defining command \si with sig. 'om' on line 7373.
.................................................
.................................................
. LaTeX info: "xparse/define-command"
. 
. Defining command \numInBookmark with sig. 'om' on line 7420.
.................................................
.................................................
. LaTeX info: "xparse/define-command"
. 
. Defining command \numrangeInBookmark with sig. 'omm' on line 7422.
.................................................
.................................................
. LaTeX info: "xparse/define-command"
. 
. Defining command \SIInBookmark with sig. 'omom' on line 7424.
.................................................
.................................................
. LaTeX info: "xparse/define-command"
. 
. Defining command \SIlistInBookmark with sig. 'omm' on line 7426.
.................................................
.................................................
. LaTeX info: "xparse/define-command"
. 
. Defining command \SIrangeInBookmark with sig. 'ommm' on line 7428.
.................................................
.................................................
. LaTeX info: "xparse/define-command"
. 
. Defining command \siInBookmark with sig. 'om' on line 7429.
.................................................
\g__file_internal_ior=\read1

(/usr/share/texlive/texmf-dist/tex/latex/beamer/translator/translator.sty
Package: translator 2010/06/12 ver 1.10

(/usr/share/texlive/texmf-dist/tex/latex/graphics/keyval.sty
Package: keyval 2014/10/28 v1.15 key=value parser (DPC)
\KV@toks@=\toks16
)
(/usr/share/texlive/texmf-dist/tex/latex/beamer/translator/translator-language-
mappings.tex))) (/usr/share/texlive/texmf-dist/tex/latex/graphics/graphicx.sty
Package: graphicx 2017/06/01 v1.1a Enhanced LaTeX Graphics (DPC,SPQR)

(/usr/share/texlive/texmf-dist/tex/latex/graphics/graphics.sty
Package: graphics 2017/06/25 v1.2c Standard LaTeX Graphics (DPC,SPQR)

(/usr/share/texlive/texmf-dist/tex/latex/graphics/trig.sty
Package: trig 2016/01/03 v1.10 sin cos tan (DPC)
)
(/usr/share/texlive/texmf-dist/tex/latex/graphics-cfg/graphics.cfg
File: graphics.cfg 2016/06/04 v1.11 sample graphics configuration
)
Package graphics Info: Driver file: pdftex.def on input line 99.

(/usr/share/texlive/texmf-dist/tex/latex/graphics-def/pdftex.def
File: pdftex.def 2017/06/24 v1.0g Graphics/color driver for pdftex
))
\Gin@req@height=\dimen149
\Gin@req@width=\dimen150
)
(/usr/share/texlive/texmf-dist/tex/latex/placeins/placeins.sty
Package: placeins 2005/04/18  v 2.2
)
(/usr/share/texlive/texmf-dist/tex/latex/csvsimple/csvsimple.sty
Package: csvsimple 2016/07/01 version 1.20 LaTeX CSV file processing

(/usr/share/texlive/texmf-dist/tex/latex/pgf/utilities/pgfkeys.sty
(/usr/share/texlive/texmf-dist/tex/generic/pgf/utilities/pgfkeys.code.tex
\pgfkeys@pathtoks=\toks17
\pgfkeys@temptoks=\toks18

(/usr/share/texlive/texmf-dist/tex/generic/pgf/utilities/pgfkeysfiltered.code.t
ex
\pgfkeys@tmptoks=\toks19
))) (/usr/share/texlive/texmf-dist/tex/latex/base/ifthen.sty
Package: ifthen 2014/09/29 v1.1c Standard LaTeX ifthen package (DPC)
)
(/usr/share/texlive/texmf-dist/tex/latex/etoolbox/etoolbox.sty
Package: etoolbox 2017/01/02 v2.4 e-TeX tools for LaTeX (JAW)
\etb@tempcnta=\count193
)
(/usr/share/texlive/texmf-dist/tex/latex/tools/shellesc.sty
Package: shellesc 2016/06/07 v0.02a unified shell escape interface for LaTeX
Package shellesc Info: Restricted shell escape enabled on input line 69.
)
\csv@file=\read2
\c@csvinputline=\count194
\c@csvrow=\count195
\c@csvcol=\count196
\csv@out=\write3
))
(/usr/share/texlive/texmf-dist/tex/latex/url/url.sty
\Urlmuskip=\muskip16
Package: url 2013/09/16  ver 3.4  Verb mode for urls, etc.
) (./main.aux

LaTeX Warning: Label `fig:inverter_layout_vtc' multiply defined.

)
\openout1 = `main.aux'.

LaTeX Font Info:    Checking defaults for OML/cmm/m/it on input line 3.
LaTeX Font Info:    ... okay on input line 3.
LaTeX Font Info:    Checking defaults for T1/cmr/m/n on input line 3.
LaTeX Font Info:    ... okay on input line 3.
LaTeX Font Info:    Checking defaults for OT1/cmr/m/n on input line 3.
LaTeX Font Info:    ... okay on input line 3.
LaTeX Font Info:    Checking defaults for OMS/cmsy/m/n on input line 3.
LaTeX Font Info:    ... okay on input line 3.
LaTeX Font Info:    Checking defaults for OMX/cmex/m/n on input line 3.
LaTeX Font Info:    ... okay on input line 3.
LaTeX Font Info:    Checking defaults for U/cmr/m/n on input line 3.
LaTeX Font Info:    ... okay on input line 3.

(/usr/share/texlive/texmf-dist/tex/latex/beamer/translator/dicts/translator-bas
ic-dictionary/translator-basic-dictionary-English.dict
Dictionary: translator-basic-dictionary, Language: English 
)
(/usr/share/texlive/texmf-dist/tex/latex/siunitx/siunitx-abbreviations.cfg
File: siunitx-abbreviations.cfg 2017/08/02 v2.7j siunitx: Abbreviated units
)
(/usr/share/texlive/texmf-dist/tex/context/base/mkii/supp-pdf.mkii
[Loading MPS to PDF converter (version 2006.09.02).]
\scratchcounter=\count197
\scratchdimen=\dimen151
\scratchbox=\box49
\nofMPsegments=\count198
\nofMParguments=\count199
\everyMPshowfont=\toks20
\MPscratchCnt=\count266
\MPscratchDim=\dimen152
\MPnumerator=\count267
\makeMPintoPDFobject=\count268
\everyMPtoPDFconversion=\toks21
) (/usr/share/texlive/texmf-dist/tex/latex/oberdiek/epstopdf-base.sty
Package: epstopdf-base 2016/05/15 v2.6 Base part for package epstopdf

(/usr/share/texlive/texmf-dist/tex/generic/oberdiek/infwarerr.sty
Package: infwarerr 2016/05/16 v1.4 Providing info/warning/error messages (HO)
)
(/usr/share/texlive/texmf-dist/tex/latex/oberdiek/grfext.sty
Package: grfext 2016/05/16 v1.2 Manage graphics extensions (HO)

(/usr/share/texlive/texmf-dist/tex/generic/oberdiek/kvdefinekeys.sty
Package: kvdefinekeys 2016/05/16 v1.4 Define keys (HO)

(/usr/share/texlive/texmf-dist/tex/generic/oberdiek/ltxcmds.sty
Package: ltxcmds 2016/05/16 v1.23 LaTeX kernel commands for general use (HO)
)))
(/usr/share/texlive/texmf-dist/tex/latex/oberdiek/kvoptions.sty
Package: kvoptions 2016/05/16 v3.12 Key value format for package options (HO)

(/usr/share/texlive/texmf-dist/tex/generic/oberdiek/kvsetkeys.sty
Package: kvsetkeys 2016/05/16 v1.17 Key value parser (HO)

(/usr/share/texlive/texmf-dist/tex/generic/oberdiek/etexcmds.sty
Package: etexcmds 2016/05/16 v1.6 Avoid name clashes with e-TeX commands (HO)

(/usr/share/texlive/texmf-dist/tex/generic/oberdiek/ifluatex.sty
Package: ifluatex 2016/05/16 v1.4 Provides the ifluatex switch (HO)
Package ifluatex Info: LuaTeX not detected.
)
Package etexcmds Info: Could not find \expanded.
(etexcmds)             That can mean that you are not using pdfTeX 1.50 or
(etexcmds)             that some package has redefined \expanded.
(etexcmds)             In the latter case, load this package earlier.
)))
(/usr/share/texlive/texmf-dist/tex/generic/oberdiek/pdftexcmds.sty
Package: pdftexcmds 2017/03/19 v0.25 Utility functions of pdfTeX for LuaTeX (HO
)

(/usr/share/texlive/texmf-dist/tex/generic/oberdiek/ifpdf.sty
Package: ifpdf 2017/03/15 v3.2 Provides the ifpdf switch
)
Package pdftexcmds Info: LuaTeX not detected.
Package pdftexcmds Info: \pdf@primitive is available.
Package pdftexcmds Info: \pdf@ifprimitive is available.
Package pdftexcmds Info: \pdfdraftmode found.
)
Package epstopdf-base Info: Redefining graphics rule for `.eps' on input line 4
38.
Package grfext Info: Graphics extension search list:
(grfext)             [.pdf,.png,.jpg,.mps,.jpeg,.jbig2,.jb2,.PDF,.PNG,.JPG,.JPE
G,.JBIG2,.JB2,.eps]
(grfext)             \AppendGraphicsExtensions on input line 456.

(/usr/share/texlive/texmf-dist/tex/latex/latexconfig/epstopdf-sys.cfg
File: epstopdf-sys.cfg 2010/07/13 v1.3 Configuration of (r)epstopdf for TeX Liv
e
))
\c__siunitx_mathsf_int=\count269
LaTeX Font Info:    External font `cmex10' loaded for size
(Font)              <7> on input line 3.
LaTeX Font Info:    External font `cmex10' loaded for size
(Font)              <5> on input line 3.
\c__siunitx_mathtt_int=\count270

(./cover_page/cover.tex) [1

{/var/lib/texmf/fonts/map/pdftex/updmap/pdftex.map}] (./introduction/introducti
on.tex) (./spice_simulation/spice_simulation.tex
<./images/CMOS_Inverter.PNG, id=8, 250.9375pt x 250.9375pt>
File: ./images/CMOS_Inverter.PNG Graphic file (type png)
<use ./images/CMOS_Inverter.PNG>
Package pdftex.def Info: ./images/CMOS_Inverter.PNG  used on input line 21. on 
input line 21.
Package pdftex.def Info: Requested size: 188.20265pt x 188.20265pt on input lin
e 21.
LaTeX Font Info:    External font `cmex10' loaded for size
(Font)              <8> on input line 28.
LaTeX Font Info:    External font `cmex10' loaded for size
(Font)              <6> on input line 28.

Overfull \hbox (1.27559pt too wide) in paragraph at lines 28--29
[]\OT1/cmr/m/n/8 Taken from link $\OT1/cmtt/m/n/8 https : / / en . wikipedia . 
org / wiki / CMOS # /media / File : CMOS _ Inverter . svg$ 
 []


LaTeX Warning: `!h' float specifier changed to `!ht'.

[1 <./images/CMOS_Inverter.PNG>]
<./images/CMOS_NAND.PNG, id=19, 311.1625pt x 506.89375pt>
File: ./images/CMOS_NAND.PNG Graphic file (type png)
<use ./images/CMOS_NAND.PNG>
Package pdftex.def Info: ./images/CMOS_NAND.PNG  used on input line 51. on inpu
t line 51.
Package pdftex.def Info: Requested size: 233.3713pt x 380.16939pt on input line
 51.
 [2 <./images/CMOS_NAND.PNG>]
<./images/dlatchgates.PNG, id=23, 520.94624pt x 244.66406pt>
File: ./images/dlatchgates.PNG Graphic file (type png)
<use ./images/dlatchgates.PNG>
Package pdftex.def Info: ./images/dlatchgates.PNG  used on input line 71. on in
put line 71.
Package pdftex.def Info: Requested size: 390.70872pt x 183.49759pt on input lin
e 71.

Overfull \hbox (45.70872pt too wide) in paragraph at lines 71--72
 [][] 
 []

<./images/spice_circuit.png, id=24, 794.97pt x 614.295pt>
File: ./images/spice_circuit.png Graphic file (type png)
<use ./images/spice_circuit.png>
Package pdftex.def Info: ./images/spice_circuit.png  used on input line 88. on 
input line 88.
Package pdftex.def Info: Requested size: 345.0pt x 266.59752pt on input line 88
.

LaTeX Warning: `!h' float specifier changed to `!ht'.

[3 <./images/dlatchgates.PNG>] [4 <./images/spice_circuit.png>]
<./images/D_supply.PNG, id=31, 323.70938pt x 339.36787pt>
File: ./images/D_supply.PNG Graphic file (type png)
<use ./images/D_supply.PNG>
Package pdftex.def Info: ./images/D_supply.PNG  used on input line 116. on inpu
t line 116.
Package pdftex.def Info: Requested size: 137.9979pt x 144.67218pt on input line
 116.
<./images/C_supply.PNG, id=32, 308.05087pt x 364.66237pt>
File: ./images/C_supply.PNG Graphic file (type png)
<use ./images/C_supply.PNG>
Package pdftex.def Info: ./images/C_supply.PNG  used on input line 117. on inpu
t line 117.
Package pdftex.def Info: Requested size: 137.9979pt x 163.35649pt on input line
 117.
<./images/spec_sim.PNG, id=33, 794.97pt x 614.295pt>
File: ./images/spec_sim.PNG Graphic file (type png)
<use ./images/spec_sim.PNG>
Package pdftex.def Info: ./images/spec_sim.PNG  used on input line 128. on inpu
t line 128.
Package pdftex.def Info: Requested size: 345.0pt x 266.59752pt on input line 12
8.


LaTeX Warning: `!h' float specifier changed to `!ht'.

[5 <./images/D_supply.PNG> <./images/C_supply.PNG>])
(./microwind_layout/microwind_layout.tex
LaTeX Font Info:    Try loading font information for TS1+cmr on input line 5.

(/usr/share/texlive/texmf-dist/tex/latex/base/ts1cmr.fd
File: ts1cmr.fd 2014/09/29 v2.5h Standard LaTeX font definitions
)
<./images/inverter_layout.PNG, id=39, 358.33875pt x 365.86688pt>
File: ./images/inverter_layout.PNG Graphic file (type png)
<use ./images/inverter_layout.PNG>
Package pdftex.def Info: ./images/inverter_layout.PNG  used on input line 14. o
n input line 14.
Package pdftex.def Info: Requested size: 143.33296pt x 146.34415pt on input lin
e 14.


LaTeX Warning: `!h' float specifier changed to `!ht'.

[6 <./images/spec_sim.PNG>]
<./images/inverter_layout_vtc.PNG, id=48, 868.74562pt x 519.44063pt>
File: ./images/inverter_layout_vtc.PNG Graphic file (type png)
<use ./images/inverter_layout_vtc.PNG>
Package pdftex.def Info: ./images/inverter_layout_vtc.PNG  used on input line 2
7. on input line 27.
Package pdftex.def Info: Requested size: 260.62569pt x 155.83339pt on input lin
e 27.
<./images/inverter_logic_test.PNG, id=49, 1059.05663pt x 531.78674pt>
File: ./images/inverter_logic_test.PNG Graphic file (type png)
<use ./images/inverter_logic_test.PNG>
Package pdftex.def Info: ./images/inverter_logic_test.PNG  used on input line 4
0. on input line 40.
Package pdftex.def Info: Requested size: 317.71944pt x 159.53725pt on input lin
e 40.


LaTeX Warning: `!h' float specifier changed to `!ht'.

[7 <./images/inverter_layout.PNG> <./images/inverter_layout_vtc.PNG>]
<./images/nand_layout.PNG, id=55, 256.45813pt x 304.13625pt>
File: ./images/nand_layout.PNG Graphic file (type png)
<use ./images/nand_layout.PNG>
Package pdftex.def Info: ./images/nand_layout.PNG  used on input line 56. on in
put line 56.
Package pdftex.def Info: Requested size: 179.51945pt x 212.8939pt on input line
 56.
<./images/nand_logic_test.PNG, id=56, 1061.46562pt x 532.69012pt>
File: ./images/nand_logic_test.PNG Graphic file (type png)
<use ./images/nand_logic_test.PNG>
Package pdftex.def Info: ./images/nand_logic_test.PNG  used on input line 69. o
n input line 69.
Package pdftex.def Info: Requested size: 318.44214pt x 159.80826pt on input lin
e 69.
 [8 <./images/inverter_logic_test.PNG> <./images/nand_layout.PNG>]
<./images/dlatch_layout.PNG, id=62, 284.06125pt x 386.44376pt>
File: ./images/dlatch_layout.PNG Graphic file (type png)
<use ./images/dlatch_layout.PNG>
Package pdftex.def Info: ./images/dlatch_layout.PNG  used on input line 82. on 
input line 82.
Package pdftex.def Info: Requested size: 198.84149pt x 270.50877pt on input lin
e 82.


LaTeX Warning: `!h' float specifier changed to `!ht'.

[9 <./images/nand_logic_test.PNG>]
<./images/dlatch_fsm.PNG, id=67, 374.90062pt x 154.47713pt>
File: ./images/dlatch_fsm.PNG Graphic file (type png)
<use ./images/dlatch_fsm.PNG>
Package pdftex.def Info: ./images/dlatch_fsm.PNG  used on input line 108. on in
put line 108.
Package pdftex.def Info: Requested size: 262.42863pt x 108.13324pt on input lin
e 108.


LaTeX Warning: `!h' float specifier changed to `!ht'.

[10 <./images/dlatch_layout.PNG>]
<./images/test_inputs_from_manual.PNG, id=72, 1060.56226pt x 533.29237pt>
File: ./images/test_inputs_from_manual.PNG Graphic file (type png)
<use ./images/test_inputs_from_manual.PNG>
Package pdftex.def Info: ./images/test_inputs_from_manual.PNG  used on input li
ne 124. on input line 124.
Package pdftex.def Info: Requested size: 318.17113pt x 159.98894pt on input lin
e 124.
<./images/1ghz_test_case_2.PNG, id=73, 1060.26112pt x 532.389pt>
File: ./images/1ghz_test_case_2.PNG Graphic file (type png)
<use ./images/1ghz_test_case_2.PNG>
Package pdftex.def Info: ./images/1ghz_test_case_2.PNG  used on input line 133.
 on input line 133.
Package pdftex.def Info: Requested size: 318.0808pt x 159.71793pt on input line
 133.


LaTeX Warning: `!h' float specifier changed to `!ht'.

[11 <./images/dlatch_fsm.PNG> <./images/test_inputs_from_manual.PNG>]
<./images/1ghz_test_case_1.PNG, id=79, 1059.96pt x 532.389pt>
File: ./images/1ghz_test_case_1.PNG Graphic file (type png)
<use ./images/1ghz_test_case_1.PNG>
Package pdftex.def Info: ./images/1ghz_test_case_1.PNG  used on input line 142.
 on input line 142.
Package pdftex.def Info: Requested size: 317.99045pt x 159.71793pt on input lin
e 142.
<./images/4ghz_test_case_2.PNG, id=80, 1059.96pt x 534.19576pt>
File: ./images/4ghz_test_case_2.PNG Graphic file (type png)
<use ./images/4ghz_test_case_2.PNG>
Package pdftex.def Info: ./images/4ghz_test_case_2.PNG  used on input line 151.
 on input line 151.
Package pdftex.def Info: Requested size: 317.99045pt x 160.25996pt on input lin
e 151.


LaTeX Warning: `!h' float specifier changed to `!ht'.

[12 <./images/1ghz_test_case_2.PNG> <./images/1ghz_test_case_1.PNG>]
<./images/4ghz_test_case_1.PNG, id=87, 1060.56226pt x 532.99126pt>
File: ./images/4ghz_test_case_1.PNG Graphic file (type png)
<use ./images/4ghz_test_case_1.PNG>
Package pdftex.def Info: ./images/4ghz_test_case_1.PNG  used on input line 160.
 on input line 160.
Package pdftex.def Info: Requested size: 318.17113pt x 159.8986pt on input line
 160.

Overfull \hbox (96.39792pt too wide) in paragraph at lines 175--176
 [][] 
 []


Underfull \hbox (badness 10000) in paragraph at lines 180--182

 []

[13 <./images/4ghz_test_case_2.PNG> <./images/4ghz_test_case_1.PNG>]
Underfull \hbox (badness 10000) in paragraph at lines 183--187

 []


Underfull \hbox (badness 10000) in paragraph at lines 188--193

 []

<./images/dlatch_layout_area.PNG, id=93, 322.20375pt x 481.19775pt>
File: ./images/dlatch_layout_area.PNG Graphic file (type png)
<use ./images/dlatch_layout_area.PNG>
Package pdftex.def Info: ./images/dlatch_layout_area.PNG  used on input line 20
2. on input line 202.
Package pdftex.def Info: Requested size: 225.54108pt x 336.83614pt on input lin
e 202.

LaTeX Warning: `!h' float specifier changed to `!ht'.

[14]) (./conclusion/conclusion.tex [15 <./images/dlatch_layout_area.PNG>])
[16] (./main.aux)

LaTeX Warning: There were multiply-defined labels.

 ) 
Here is how much of TeX's memory you used:
 13399 strings out of 492990
 290146 string characters out of 6135004
 300504 words of memory out of 5000000
 16815 multiletter control sequences out of 15000+600000
 536962 words of font info for 46 fonts, out of 8000000 for 9000
 1141 hyphenation exceptions out of 8191
 42i,9n,46p,10397b,914s stack positions out of 5000i,500n,10000p,200000b,80000s
{/usr/share/texmf/fonts/enc/dvips/cm-super/cm-super-ts1.enc}</usr/share/texli
ve/texmf-dist/fonts/type1/public/amsfonts/cm/cmbx12.pfb></usr/share/texlive/tex
mf-dist/fonts/type1/public/amsfonts/cm/cmmi10.pfb></usr/share/texlive/texmf-dis
t/fonts/type1/public/amsfonts/cm/cmmi5.pfb></usr/share/texlive/texmf-dist/fonts
/type1/public/amsfonts/cm/cmmi7.pfb></usr/share/texlive/texmf-dist/fonts/type1/
public/amsfonts/cm/cmr10.pfb></usr/share/texlive/texmf-dist/fonts/type1/public/
amsfonts/cm/cmr12.pfb></usr/share/texlive/texmf-dist/fonts/type1/public/amsfont
s/cm/cmr17.pfb></usr/share/texlive/texmf-dist/fonts/type1/public/amsfonts/cm/cm
r7.pfb></usr/share/texlive/texmf-dist/fonts/type1/public/amsfonts/cm/cmr8.pfb><
/usr/share/texlive/texmf-dist/fonts/type1/public/amsfonts/cm/cmsy10.pfb></usr/s
hare/texlive/texmf-dist/fonts/type1/public/amsfonts/cm/cmtt8.pfb></usr/share/te
xmf/fonts/type1/public/cm-super/sfrm1000.pfb>
Output written on main.pdf (17 pages, 2701531 bytes).
PDF statistics:
 145 PDF objects out of 1000 (max. 8388607)
 77 compressed objects within 1 object stream
 0 named destinations out of 1000 (max. 500000)
 101 words of extra memory for PDF output out of 10000 (max. 10000000)

